  StateMachine.cpp
  Splash.cpp
c:\users\adrian\desktop\patternsdemo.git\patterndemo\aiebootstrap\project2d\splash.cpp(49): warning C4244: '+=': conversion from 'double' to 'float', possible loss of data
  Singleton.cpp
  Pausemenu.cpp
  Menu.cpp
c:\users\adrian\desktop\patternsdemo.git\patterndemo\aiebootstrap\project2d\menu.cpp(48): warning C4244: '+=': conversion from 'double' to 'float', possible loss of data
  main.cpp
  Loading.cpp
c:\users\adrian\desktop\patternsdemo.git\patterndemo\aiebootstrap\project2d\loading.cpp(47): warning C4244: '+=': conversion from 'double' to 'float', possible loss of data
  Game.cpp
c:\users\adrian\desktop\patternsdemo.git\patterndemo\aiebootstrap\project2d\game.cpp(60): warning C4244: '+=': conversion from 'float' to 'int', possible loss of data
c:\users\adrian\desktop\patternsdemo.git\patterndemo\aiebootstrap\project2d\game.cpp(63): warning C4244: '-=': conversion from 'float' to 'int', possible loss of data
c:\users\adrian\desktop\patternsdemo.git\patterndemo\aiebootstrap\project2d\game.cpp(66): warning C4244: '-=': conversion from 'float' to 'int', possible loss of data
c:\users\adrian\desktop\patternsdemo.git\patterndemo\aiebootstrap\project2d\game.cpp(69): warning C4244: '+=': conversion from 'float' to 'int', possible loss of data
c:\users\adrian\desktop\patternsdemo.git\patterndemo\aiebootstrap\project2d\game.cpp(85): warning C4244: 'argument': conversion from 'int' to 'float', possible loss of data
  Application2D.cpp
  Generating Code...
LINK : warning LNK4098: defaultlib 'MSVCRT' conflicts with use of other libs; use /NODEFAULTLIB:library
  Project2D.vcxproj -> C:\Users\Adrian\Desktop\Patternsdemo.git\PatternDemo\aieBootstrap\temp\Project2D\Debug\Project2D.exe
  Project2D.vcxproj -> C:\Users\Adrian\Desktop\Patternsdemo.git\PatternDemo\aieBootstrap\temp\Project2D\Debug\Project2D.pdb (Partial PDB)
