c:\users\adrian\desktop\game\patterndemo\aiebootstrap\temp\project2d\debug\vc141.pdb
c:\users\adrian\desktop\game\patterndemo\aiebootstrap\temp\project2d\debug\vc141.idb
c:\users\adrian\desktop\game\patterndemo\aiebootstrap\temp\project2d\debug\application2d.obj
c:\users\adrian\desktop\game\patterndemo\aiebootstrap\temp\project2d\debug\entity.obj
c:\users\adrian\desktop\game\patterndemo\aiebootstrap\temp\project2d\debug\game.obj
c:\users\adrian\desktop\game\patterndemo\aiebootstrap\temp\project2d\debug\loading.obj
c:\users\adrian\desktop\game\patterndemo\aiebootstrap\temp\project2d\debug\main.obj
c:\users\adrian\desktop\game\patterndemo\aiebootstrap\temp\project2d\debug\menu.obj
c:\users\adrian\desktop\game\patterndemo\aiebootstrap\temp\project2d\debug\objectpool.obj
c:\users\adrian\desktop\game\patterndemo\aiebootstrap\temp\project2d\debug\ship.obj
c:\users\adrian\desktop\game\patterndemo\aiebootstrap\temp\project2d\debug\splash.obj
c:\users\adrian\desktop\game\patterndemo\aiebootstrap\temp\project2d\debug\statemachine.obj
c:\users\adrian\desktop\game\patterndemo\aiebootstrap\temp\project2d\debug\project2d.ilk
c:\users\adrian\desktop\game\patterndemo\aiebootstrap\temp\project2d\debug\project2d.exe
c:\users\adrian\desktop\game\patterndemo\aiebootstrap\temp\project2d\debug\project2d.pdb
c:\users\adrian\desktop\game\patterndemo\aiebootstrap\temp\project2d\debug\lnk{c03724a3-c036-413d-8348-66e75ead6e9c}.tmp
c:\users\adrian\desktop\game\patterndemo\aiebootstrap\temp\project2d\debug\vc140.idb
c:\users\adrian\desktop\game\patterndemo\aiebootstrap\temp\project2d\debug\vc140.pdb
c:\users\adrian\desktop\game\patterndemo\aiebootstrap\temp\project2d\debug\project2d.tlog\cl.command.1.tlog
c:\users\adrian\desktop\game\patterndemo\aiebootstrap\temp\project2d\debug\project2d.tlog\cl.read.1.tlog
c:\users\adrian\desktop\game\patterndemo\aiebootstrap\temp\project2d\debug\project2d.tlog\cl.write.1.tlog
c:\users\adrian\desktop\game\patterndemo\aiebootstrap\temp\project2d\debug\project2d.tlog\link.command.1.tlog
c:\users\adrian\desktop\game\patterndemo\aiebootstrap\temp\project2d\debug\project2d.tlog\link.delete.1.tlog
c:\users\adrian\desktop\game\patterndemo\aiebootstrap\temp\project2d\debug\project2d.tlog\link.read.1.tlog
c:\users\adrian\desktop\game\patterndemo\aiebootstrap\temp\project2d\debug\project2d.tlog\link.write.1.tlog
